language:zh_en
距离权重策略
x= -1.0
距离权重策略 ( -1.0 ,  -0.9 )
距离权重策略 ( -1.0 ,  -0.8 )
距离权重策略 ( -1.0 ,  -0.7 )
距离权重策略 ( -1.0 ,  -0.6 )
距离权重策略 ( -1.0 ,  -0.5 )
距离权重策略 ( -1.0 ,  -0.4 )
距离权重策略 ( -1.0 ,  -0.3 )
距离权重策略 ( -1.0 ,  -0.2 )
        距离权重策略 ( -1.0 ,  -0.1 )
           -0.90   -0.80   -0.70   -0.60   -0.50   -0.40   -0.30   -0.20   -0.10
For each left:
Hits@  1: 0.00% 0.00% 0.00% 0.00% 0.00% 0.00% 0.00% 0.00% 0.00%
Hits@ 10: 0.00% 0.00% 0.00% 0.00% 0.00% 0.00% 0.00% 0.00% 0.00%
Hits@ 50: 0.01% 0.00% 0.00% 0.00% 0.00% 0.00% 0.00% 0.02% 0.04%
Hits@100: 0.04% 0.02% 0.01% 0.00% 0.00% 0.00% 0.01% 0.02% 0.05%
For each right:
Hits@  1: 0.00% 0.00% 0.00% 0.00% 0.00% 0.00% 0.00% 0.00% 0.00%
Hits@ 10: 0.00% 0.00% 0.00% 0.00% 0.00% 0.00% 0.00% 0.00% 0.00%
Hits@ 50: 0.00% 0.00% 0.00% 0.00% 0.00% 0.00% 0.00% 0.00% 0.00%
Hits@100: 0.02% 0.01% 0.01% 0.00% 0.00% 0.00% 0.00% 0.00% 0.00%
距离权重策略 ( -1.0 ,  0.1 )
距离权重策略 ( -1.0 ,  0.2 )
距离权重策略 ( -1.0 ,  0.3 )
距离权重策略 ( -1.0 ,  0.4 )
距离权重策略 ( -1.0 ,  0.5 )
距离权重策略 ( -1.0 ,  0.6 )
距离权重策略 ( -1.0 ,  0.7 )
距离权重策略 ( -1.0 ,  0.8 )
距离权重策略 ( -1.0 ,  0.9 )
           0.10   0.20   0.30   0.40   0.50   0.60   0.70   0.80   0.90
For each left:
Hits@  1: 0.00% 0.00% 0.00% 0.00% 0.00% 0.00% 0.00% 0.00% 0.00%
Hits@ 10: 0.00% 0.01% 0.01% 0.03% 0.03% 0.03% 0.04% 0.04% 0.05%
Hits@ 50: 0.04% 0.05% 0.05% 0.06% 0.12% 0.26% 0.46% 1.14% 1.89%
Hits@100: 0.07% 0.08% 0.11% 0.24% 0.47% 1.07% 2.34% 4.49% 7.07%
For each right:
Hits@  1: 0.00% 0.00% 0.00% 0.00% 0.00% 0.00% 0.00% 0.00% 0.00%
Hits@ 10: 0.00% 0.00% 0.00% 0.00% 0.01% 0.01% 0.01% 0.01% 0.04%
Hits@ 50: 0.00% 0.01% 0.03% 0.05% 0.09% 0.24% 0.68% 1.40% 2.82%
Hits@100: 0.01% 0.04% 0.06% 0.17% 0.68% 1.65% 3.63% 6.19% 8.95%
x= -0.9
距离权重策略 ( -0.9 ,  -0.9 )
距离权重策略 ( -0.9 ,  -0.8 )
距离权重策略 ( -0.9 ,  -0.7 )
距离权重策略 ( -0.9 ,  -0.6 )
距离权重策略 ( -0.9 ,  -0.5 )
距离权重策略 ( -0.9 ,  -0.4 )
距离权重策略 ( -0.9 ,  -0.3 )
距离权重策略 ( -0.9 ,  -0.2 )
距离权重策略 ( -0.9 ,  -0.1 )
           -0.90   -0.80   -0.70   -0.60   -0.50   -0.40   -0.30   -0.20   -0.10
For each left:
Hits@  1: 0.00% 0.00% 0.00% 0.00% 0.00% 0.00% 0.00% 0.00% 0.00%
Hits@ 10: 0.00% 0.00% 0.00% 0.00% 0.00% 0.00% 0.00% 0.00% 0.00%
Hits@ 50: 0.02% 0.01% 0.00% 0.00% 0.00% 0.00% 0.00% 0.01% 0.04%
Hits@100: 0.05% 0.04% 0.02% 0.01% 0.00% 0.00% 0.00% 0.02% 0.05%
For each right:
Hits@  1: 0.00% 0.00% 0.00% 0.00% 0.00% 0.00% 0.00% 0.00% 0.00%
Hits@ 10: 0.00% 0.00% 0.00% 0.00% 0.00% 0.00% 0.00% 0.00% 0.00%
Hits@ 50: 0.01% 0.00% 0.00% 0.00% 0.00% 0.00% 0.00% 0.00% 0.00%
Hits@100: 0.03% 0.02% 0.01% 0.00% 0.00% 0.00% 0.00% 0.00% 0.00%
距离权重策略 ( -0.9 ,  0.1 )
距离权重策略 ( -0.9 ,  0.2 )
距离权重策略 ( -0.9 ,  0.3 )
距离权重策略 ( -0.9 ,  0.4 )
距离权重策略 ( -0.9 ,  0.5 )
距离权重策略 ( -0.9 ,  0.6 )
距离权重策略 ( -0.9 ,  0.7 )
距离权重策略 ( -0.9 ,  0.8 )
距离权重策略 ( -0.9 ,  0.9 )
           0.10   0.20   0.30   0.40   0.50   0.60   0.70   0.80   0.90
For each left:
Hits@  1: 0.00% 0.00% 0.00% 0.00% 0.00% 0.00% 0.00% 0.00% 0.00%
Hits@ 10: 0.00% 0.01% 0.03% 0.03% 0.03% 0.04% 0.04% 0.05% 0.09%
Hits@ 50: 0.04% 0.05% 0.05% 0.07% 0.17% 0.38% 0.95% 1.81% 3.42%
Hits@100: 0.07% 0.10% 0.12% 0.32% 0.73% 1.80% 3.93% 6.65% 10.08%
For each right:
Hits@  1: 0.00% 0.00% 0.00% 0.00% 0.00% 0.00% 0.00% 0.00% 0.00%
Hits@ 10: 0.00% 0.00% 0.00% 0.00% 0.01% 0.01% 0.01% 0.03% 0.15%
Hits@ 50: 0.00% 0.01% 0.03% 0.05% 0.18% 0.48% 1.15% 2.67% 4.73%
Hits@100: 0.01% 0.04% 0.07% 0.32% 1.13% 2.76% 5.52% 8.65% 12.05%
x= -0.8
距离权重策略 ( -0.8 ,  -0.9 )
距离权重策略 ( -0.8 ,  -0.8 )
距离权重策略 ( -0.8 ,  -0.7 )
距离权重策略 ( -0.8 ,  -0.6 )
距离权重策略 ( -0.8 ,  -0.5 )
距离权重策略 ( -0.8 ,  -0.4 )
距离权重策略 ( -0.8 ,  -0.3 )
距离权重策略 ( -0.8 ,  -0.2 )
距离权重策略 ( -0.8 ,  -0.1 )
           -0.90   -0.80   -0.70   -0.60   -0.50   -0.40   -0.30   -0.20   -0.10
For each left:
Hits@  1: 0.00% 0.00% 0.00% 0.00% 0.00% 0.00% 0.00% 0.00% 0.00%
Hits@ 10: 0.00% 0.00% 0.00% 0.00% 0.00% 0.00% 0.00% 0.00% 0.00%
Hits@ 50: 0.02% 0.02% 0.01% 0.00% 0.00% 0.00% 0.00% 0.01% 0.04%
Hits@100: 0.07% 0.05% 0.04% 0.01% 0.00% 0.00% 0.00% 0.02% 0.04%
For each right:
Hits@  1: 0.00% 0.00% 0.00% 0.00% 0.00% 0.00% 0.00% 0.00% 0.00%
Hits@ 10: 0.00% 0.00% 0.00% 0.00% 0.00% 0.00% 0.00% 0.00% 0.00%
Hits@ 50: 0.02% 0.01% 0.00% 0.00% 0.00% 0.00% 0.00% 0.00% 0.00%
Hits@100: 0.04% 0.03% 0.01% 0.01% 0.00% 0.00% 0.00% 0.00% 0.00%
距离权重策略 ( -0.8 ,  0.1 )
距离权重策略 ( -0.8 ,  0.2 )
距离权重策略 ( -0.8 ,  0.3 )
距离权重策略 ( -0.8 ,  0.4 )
距离权重策略 ( -0.8 ,  0.5 )
距离权重策略 ( -0.8 ,  0.6 )
距离权重策略 ( -0.8 ,  0.7 )
距离权重策略 ( -0.8 ,  0.8 )
距离权重策略 ( -0.8 ,  0.9 )
           0.10   0.20   0.30   0.40   0.50   0.60   0.70   0.80   0.90
For each left:
Hits@  1: 0.00% 0.00% 0.00% 0.00% 0.00% 0.00% 0.00% 0.00% 0.00%
Hits@ 10: 0.00% 0.01% 0.03% 0.03% 0.04% 0.04% 0.05% 0.09% 0.27%
Hits@ 50: 0.04% 0.05% 0.06% 0.12% 0.29% 0.76% 1.64% 3.42% 5.65%
Hits@100: 0.07% 0.10% 0.19% 0.47% 1.36% 3.34% 6.20% 10.08% 14.07%
For each right:
Hits@  1: 0.00% 0.00% 0.00% 0.00% 0.00% 0.00% 0.00% 0.00% 0.00%
Hits@ 10: 0.00% 0.00% 0.00% 0.01% 0.01% 0.01% 0.03% 0.15% 0.35%
Hits@ 50: 0.00% 0.02% 0.05% 0.09% 0.33% 0.99% 2.39% 4.73% 7.23%
Hits@100: 0.01% 0.05% 0.15% 0.68% 2.06% 4.91% 8.19% 12.05% 15.55%
x= -0.7
距离权重策略 ( -0.7 ,  -0.9 )
距离权重策略 ( -0.7 ,  -0.8 )
距离权重策略 ( -0.7 ,  -0.7 )
距离权重策略 ( -0.7 ,  -0.6 )
距离权重策略 ( -0.7 ,  -0.5 )
距离权重策略 ( -0.7 ,  -0.4 )
距离权重策略 ( -0.7 ,  -0.3 )
距离权重策略 ( -0.7 ,  -0.2 )
距离权重策略 ( -0.7 ,  -0.1 )
           -0.90   -0.80   -0.70   -0.60   -0.50   -0.40   -0.30   -0.20   -0.10
For each left:
Hits@  1: 0.00% 0.00% 0.00% 0.00% 0.00% 0.00% 0.00% 0.00% 0.00%
Hits@ 10: 0.01% 0.00% 0.00% 0.00% 0.00% 0.00% 0.00% 0.00% 0.00%
Hits@ 50: 0.05% 0.02% 0.02% 0.01% 0.00% 0.00% 0.00% 0.00% 0.04%
Hits@100: 0.08% 0.07% 0.05% 0.04% 0.01% 0.00% 0.00% 0.01% 0.04%
For each right:
Hits@  1: 0.00% 0.00% 0.00% 0.00% 0.00% 0.00% 0.00% 0.00% 0.00%
Hits@ 10: 0.00% 0.00% 0.00% 0.00% 0.00% 0.00% 0.00% 0.00% 0.00%
Hits@ 50: 0.03% 0.02% 0.01% 0.00% 0.00% 0.00% 0.00% 0.00% 0.00%
Hits@100: 0.06% 0.04% 0.03% 0.01% 0.01% 0.00% 0.00% 0.00% 0.00%
距离权重策略 ( -0.7 ,  0.1 )
距离权重策略 ( -0.7 ,  0.2 )
距离权重策略 ( -0.7 ,  0.3 )
距离权重策略 ( -0.7 ,  0.4 )
距离权重策略 ( -0.7 ,  0.5 )
距离权重策略 ( -0.7 ,  0.6 )
距离权重策略 ( -0.7 ,  0.7 )
距离权重策略 ( -0.7 ,  0.8 )
距离权重策略 ( -0.7 ,  0.9 )
           0.10   0.20   0.30   0.40   0.50   0.60   0.70   0.80   0.90
For each left:
Hits@  1: 0.00% 0.00% 0.00% 0.00% 0.00% 0.00% 0.00% 0.00% 0.00%
Hits@ 10: 0.00% 0.01% 0.03% 0.03% 0.04% 0.05% 0.09% 0.28% 0.63%
Hits@ 50: 0.04% 0.05% 0.07% 0.19% 0.54% 1.51% 3.42% 6.03% 8.95%
Hits@100: 0.08% 0.10% 0.29% 0.86% 2.56% 5.78% 10.08% 14.69% 18.76%
For each right:
Hits@  1: 0.00% 0.00% 0.00% 0.00% 0.00% 0.00% 0.00% 0.00% 0.00%
Hits@ 10: 0.00% 0.00% 0.00% 0.01% 0.01% 0.01% 0.15% 0.38% 0.87%
Hits@ 50: 0.00% 0.03% 0.05% 0.21% 0.80% 2.11% 4.73% 7.57% 10.50%
Hits@100: 0.02% 0.06% 0.28% 1.36% 4.03% 7.66% 12.05% 16.08% 19.82%
x= -0.6
距离权重策略 ( -0.6 ,  -0.9 )
距离权重策略 ( -0.6 ,  -0.8 )
距离权重策略 ( -0.6 ,  -0.7 )
距离权重策略 ( -0.6 ,  -0.6 )
距离权重策略 ( -0.6 ,  -0.5 )
距离权重策略 ( -0.6 ,  -0.4 )
距离权重策略 ( -0.6 ,  -0.3 )
距离权重策略 ( -0.6 ,  -0.2 )
距离权重策略 ( -0.6 ,  -0.1 )
           -0.90   -0.80   -0.70   -0.60   -0.50   -0.40   -0.30   -0.20   -0.10
For each left:
Hits@  1: 0.00% 0.00% 0.00% 0.00% 0.00% 0.00% 0.00% 0.00% 0.00%
Hits@ 10: 0.02% 0.01% 0.00% 0.00% 0.00% 0.00% 0.00% 0.00% 0.00%
Hits@ 50: 0.06% 0.05% 0.03% 0.02% 0.01% 0.00% 0.00% 0.00% 0.02%
Hits@100: 0.10% 0.08% 0.07% 0.05% 0.02% 0.01% 0.00% 0.00% 0.03%
For each right:
Hits@  1: 0.00% 0.00% 0.00% 0.00% 0.00% 0.00% 0.00% 0.00% 0.00%
Hits@ 10: 0.00% 0.00% 0.00% 0.00% 0.00% 0.00% 0.00% 0.00% 0.00%
Hits@ 50: 0.04% 0.03% 0.02% 0.01% 0.00% 0.00% 0.00% 0.00% 0.00%
Hits@100: 0.06% 0.06% 0.04% 0.03% 0.01% 0.00% 0.00% 0.00% 0.00%
距离权重策略 ( -0.6 ,  0.1 )
距离权重策略 ( -0.6 ,  0.2 )
距离权重策略 ( -0.6 ,  0.3 )
距离权重策略 ( -0.6 ,  0.4 )
距离权重策略 ( -0.6 ,  0.5 )
距离权重策略 ( -0.6 ,  0.6 )
距离权重策略 ( -0.6 ,  0.7 )
距离权重策略 ( -0.6 ,  0.8 )
距离权重策略 ( -0.6 ,  0.9 )
           0.10   0.20   0.30   0.40   0.50   0.60   0.70   0.80   0.90
For each left:
Hits@  1: 0.00% 0.00% 0.00% 0.00% 0.00% 0.00% 0.00% 0.00% 0.00%
Hits@ 10: 0.00% 0.03% 0.03% 0.04% 0.04% 0.09% 0.30% 0.82% 1.52%
Hits@ 50: 0.04% 0.05% 0.12% 0.38% 1.30% 3.42% 6.50% 9.93% 13.44%
Hits@100: 0.08% 0.12% 0.47% 1.80% 5.19% 10.08% 15.54% 20.08% 24.43%
For each right:
Hits@  1: 0.00% 0.00% 0.00% 0.00% 0.00% 0.00% 0.00% 0.00% 0.00%
Hits@ 10: 0.00% 0.00% 0.01% 0.01% 0.01% 0.15% 0.45% 1.05% 1.90%
Hits@ 50: 0.00% 0.03% 0.09% 0.48% 1.79% 4.73% 8.06% 11.60% 14.63%
Hits@100: 0.02% 0.07% 0.68% 2.76% 7.10% 12.05% 16.74% 20.81% 24.50%
x= -0.5
距离权重策略 ( -0.5 ,  -0.9 )
距离权重策略 ( -0.5 ,  -0.8 )
距离权重策略 ( -0.5 ,  -0.7 )
距离权重策略 ( -0.5 ,  -0.6 )
距离权重策略 ( -0.5 ,  -0.5 )
距离权重策略 ( -0.5 ,  -0.4 )
距离权重策略 ( -0.5 ,  -0.3 )
距离权重策略 ( -0.5 ,  -0.2 )
距离权重策略 ( -0.5 ,  -0.1 )
           -0.90   -0.80   -0.70   -0.60   -0.50   -0.40   -0.30   -0.20   -0.10
For each left:
Hits@  1: 0.00% 0.00% 0.00% 0.00% 0.00% 0.00% 0.00% 0.00% 0.00%
Hits@ 10: 0.02% 0.02% 0.02% 0.00% 0.00% 0.00% 0.00% 0.00% 0.00%
Hits@ 50: 0.07% 0.06% 0.06% 0.04% 0.02% 0.00% 0.00% 0.00% 0.02%
Hits@100: 0.10% 0.10% 0.09% 0.07% 0.05% 0.02% 0.00% 0.00% 0.02%
For each right:
Hits@  1: 0.00% 0.00% 0.00% 0.00% 0.00% 0.00% 0.00% 0.00% 0.00%
Hits@ 10: 0.01% 0.01% 0.00% 0.00% 0.00% 0.00% 0.00% 0.00% 0.00%
Hits@ 50: 0.06% 0.04% 0.03% 0.03% 0.01% 0.00% 0.00% 0.00% 0.00%
Hits@100: 0.07% 0.07% 0.06% 0.05% 0.03% 0.01% 0.00% 0.00% 0.00%
距离权重策略 ( -0.5 ,  0.1 )
距离权重策略 ( -0.5 ,  0.2 )
距离权重策略 ( -0.5 ,  0.3 )
距离权重策略 ( -0.5 ,  0.4 )
距离权重策略 ( -0.5 ,  0.5 )
距离权重策略 ( -0.5 ,  0.6 )
距离权重策略 ( -0.5 ,  0.7 )
距离权重策略 ( -0.5 ,  0.8 )
距离权重策略 ( -0.5 ,  0.9 )
           0.10   0.20   0.30   0.40   0.50   0.60   0.70   0.80   0.90
For each left:
Hits@  1: 0.00% 0.00% 0.00% 0.00% 0.00% 0.00% 0.00% 0.00% 0.01%
Hits@ 10: 0.01% 0.03% 0.03% 0.04% 0.09% 0.37% 1.11% 2.13% 3.70%
Hits@ 50: 0.05% 0.06% 0.26% 1.14% 3.42% 7.10% 11.33% 15.40% 18.91%
Hits@100: 0.08% 0.24% 1.07% 4.49% 10.08% 16.44% 21.77% 26.53% 30.39%
For each right:
Hits@  1: 0.00% 0.00% 0.00% 0.00% 0.00% 0.00% 0.00% 0.00% 0.00%
Hits@ 10: 0.00% 0.00% 0.01% 0.01% 0.15% 0.51% 1.28% 2.61% 4.05%
Hits@ 50: 0.01% 0.05% 0.24% 1.40% 4.73% 8.83% 12.80% 16.24% 19.49%
Hits@100: 0.04% 0.17% 1.65% 6.19% 12.05% 17.54% 22.16% 26.29% 29.98%
x= -0.4
距离权重策略 ( -0.4 ,  -0.9 )
距离权重策略 ( -0.4 ,  -0.8 )
距离权重策略 ( -0.4 ,  -0.7 )
距离权重策略 ( -0.4 ,  -0.6 )
距离权重策略 ( -0.4 ,  -0.5 )
距离权重策略 ( -0.4 ,  -0.4 )
距离权重策略 ( -0.4 ,  -0.3 )
距离权重策略 ( -0.4 ,  -0.2 )
距离权重策略 ( -0.4 ,  -0.1 )
           -0.90   -0.80   -0.70   -0.60   -0.50   -0.40   -0.30   -0.20   -0.10
For each left:
Hits@  1: 0.00% 0.00% 0.00% 0.00% 0.00% 0.00% 0.00% 0.00% 0.00%
Hits@ 10: 0.02% 0.02% 0.02% 0.02% 0.00% 0.00% 0.00% 0.00% 0.00%
Hits@ 50: 0.08% 0.07% 0.07% 0.06% 0.04% 0.02% 0.00% 0.00% 0.01%
Hits@100: 0.11% 0.10% 0.10% 0.10% 0.07% 0.05% 0.01% 0.00% 0.02%
For each right:
Hits@  1: 0.00% 0.00% 0.00% 0.00% 0.00% 0.00% 0.00% 0.00% 0.00%
Hits@ 10: 0.02% 0.01% 0.01% 0.00% 0.00% 0.00% 0.00% 0.00% 0.00%
Hits@ 50: 0.07% 0.06% 0.05% 0.04% 0.03% 0.01% 0.00% 0.00% 0.00%
Hits@100: 0.10% 0.10% 0.07% 0.06% 0.05% 0.03% 0.01% 0.00% 0.00%
距离权重策略 ( -0.4 ,  0.1 )
距离权重策略 ( -0.4 ,  0.2 )
距离权重策略 ( -0.4 ,  0.3 )
距离权重策略 ( -0.4 ,  0.4 )
距离权重策略 ( -0.4 ,  0.5 )
距离权重策略 ( -0.4 ,  0.6 )
距离权重策略 ( -0.4 ,  0.7 )
距离权重策略 ( -0.4 ,  0.8 )
距离权重策略 ( -0.4 ,  0.9 )
           0.10   0.20   0.30   0.40   0.50   0.60   0.70   0.80   0.90
For each left:
Hits@  1: 0.00% 0.00% 0.00% 0.00% 0.00% 0.00% 0.01% 0.04% 0.16%
Hits@ 10: 0.01% 0.03% 0.04% 0.09% 0.52% 1.52% 3.21% 5.25% 7.20%
Hits@ 50: 0.05% 0.12% 0.76% 3.42% 8.21% 13.44% 17.97% 22.03% 25.31%
Hits@100: 0.10% 0.47% 3.34% 10.08% 17.91% 24.43% 29.38% 33.42% 36.82%
For each right:
Hits@  1: 0.00% 0.00% 0.00% 0.00% 0.00% 0.00% 0.00% 0.06% 0.15%
Hits@ 10: 0.00% 0.01% 0.01% 0.15% 0.74% 1.90% 3.67% 5.71% 7.48%
Hits@ 50: 0.02% 0.09% 0.99% 4.73% 9.87% 14.63% 18.70% 21.81% 24.42%
Hits@100: 0.05% 0.68% 4.91% 12.05% 18.97% 24.50% 29.13% 32.71% 35.83%
x= -0.3
距离权重策略 ( -0.3 ,  -0.9 )
距离权重策略 ( -0.3 ,  -0.8 )
距离权重策略 ( -0.3 ,  -0.7 )
距离权重策略 ( -0.3 ,  -0.6 )
距离权重策略 ( -0.3 ,  -0.5 )
距离权重策略 ( -0.3 ,  -0.4 )
距离权重策略 ( -0.3 ,  -0.3 )
距离权重策略 ( -0.3 ,  -0.2 )
距离权重策略 ( -0.3 ,  -0.1 )
           -0.90   -0.80   -0.70   -0.60   -0.50   -0.40   -0.30   -0.20   -0.10
For each left:
Hits@  1: 0.00% 0.00% 0.00% 0.00% 0.00% 0.00% 0.00% 0.00% 0.00%
Hits@ 10: 0.04% 0.03% 0.02% 0.02% 0.02% 0.01% 0.00% 0.00% 0.00%
Hits@ 50: 0.10% 0.10% 0.08% 0.07% 0.07% 0.05% 0.02% 0.00% 0.00%
Hits@100: 0.13% 0.11% 0.11% 0.10% 0.10% 0.08% 0.05% 0.01% 0.00%
For each right:
Hits@  1: 0.01% 0.00% 0.00% 0.00% 0.00% 0.00% 0.00% 0.00% 0.00%
Hits@ 10: 0.02% 0.02% 0.02% 0.01% 0.01% 0.00% 0.00% 0.00% 0.00%
Hits@ 50: 0.09% 0.07% 0.07% 0.06% 0.05% 0.03% 0.01% 0.00% 0.00%
Hits@100: 0.12% 0.11% 0.10% 0.10% 0.07% 0.06% 0.03% 0.00% 0.00%
距离权重策略 ( -0.3 ,  0.1 )
距离权重策略 ( -0.3 ,  0.2 )
距离权重策略 ( -0.3 ,  0.3 )
距离权重策略 ( -0.3 ,  0.4 )
距离权重策略 ( -0.3 ,  0.5 )
距离权重策略 ( -0.3 ,  0.6 )
距离权重策略 ( -0.3 ,  0.7 )
距离权重策略 ( -0.3 ,  0.8 )
距离权重策略 ( -0.3 ,  0.9 )
           0.10   0.20   0.30   0.40   0.50   0.60   0.70   0.80   0.90
For each left:
Hits@  1: 0.00% 0.00% 0.00% 0.00% 0.01% 0.04% 0.23% 0.56% 1.17%
Hits@ 10: 0.03% 0.04% 0.09% 0.82% 2.49% 5.25% 7.97% 10.27% 12.34%
Hits@ 50: 0.05% 0.38% 3.42% 9.93% 16.61% 22.03% 26.17% 29.42% 31.57%
Hits@100: 0.12% 1.80% 10.08% 20.08% 27.94% 33.42% 37.70% 41.08% 43.41%
For each right:
Hits@  1: 0.00% 0.00% 0.00% 0.00% 0.00% 0.06% 0.21% 0.53% 0.90%
Hits@ 10: 0.00% 0.01% 0.15% 1.05% 3.02% 5.71% 8.10% 9.90% 11.79%
Hits@ 50: 0.03% 0.48% 4.73% 11.60% 17.54% 21.81% 25.32% 28.33% 30.67%
Hits@100: 0.07% 2.76% 12.05% 20.81% 27.43% 32.71% 36.67% 39.71% 41.94%
x= -0.2
距离权重策略 ( -0.2 ,  -0.9 )
距离权重策略 ( -0.2 ,  -0.8 )
距离权重策略 ( -0.2 ,  -0.7 )
距离权重策略 ( -0.2 ,  -0.6 )
距离权重策略 ( -0.2 ,  -0.5 )
距离权重策略 ( -0.2 ,  -0.4 )
距离权重策略 ( -0.2 ,  -0.3 )
距离权重策略 ( -0.2 ,  -0.2 )
距离权重策略 ( -0.2 ,  -0.1 )
           -0.90   -0.80   -0.70   -0.60   -0.50   -0.40   -0.30   -0.20   -0.10
For each left:
Hits@  1: 0.00% 0.00% 0.00% 0.00% 0.00% 0.00% 0.00% 0.00% 0.00%
Hits@ 10: 0.04% 0.04% 0.04% 0.04% 0.03% 0.02% 0.02% 0.00% 0.00%
Hits@ 50: 0.10% 0.10% 0.10% 0.10% 0.09% 0.07% 0.06% 0.02% 0.00%
Hits@100: 0.14% 0.14% 0.13% 0.13% 0.11% 0.10% 0.10% 0.05% 0.00%
For each right:
Hits@  1: 0.01% 0.01% 0.01% 0.01% 0.00% 0.00% 0.00% 0.00% 0.00%
Hits@ 10: 0.04% 0.03% 0.02% 0.02% 0.02% 0.01% 0.00% 0.00% 0.00%
Hits@ 50: 0.11% 0.10% 0.09% 0.09% 0.07% 0.06% 0.04% 0.01% 0.00%
Hits@100: 0.15% 0.15% 0.15% 0.12% 0.10% 0.10% 0.06% 0.03% 0.00%
距离权重策略 ( -0.2 ,  0.1 )
距离权重策略 ( -0.2 ,  0.2 )
距离权重策略 ( -0.2 ,  0.3 )
距离权重策略 ( -0.2 ,  0.4 )
距离权重策略 ( -0.2 ,  0.5 )
距离权重策略 ( -0.2 ,  0.6 )
距离权重策略 ( -0.2 ,  0.7 )
距离权重策略 ( -0.2 ,  0.8 )
距离权重策略 ( -0.2 ,  0.9 )
           0.10   0.20   0.30   0.40   0.50   0.60   0.70   0.80   0.90
For each left:
Hits@  1: 0.00% 0.00% 0.00% 0.04% 0.35% 1.17% 2.37% 3.46% 4.34%
Hits@ 10: 0.03% 0.09% 1.52% 5.25% 9.21% 12.34% 14.74% 16.57% 17.95%
Hits@ 50: 0.12% 3.42% 13.44% 22.03% 27.92% 31.57% 34.69% 36.89% 38.46%
Hits@100: 0.47% 10.08% 24.43% 33.42% 39.58% 43.41% 46.31% 48.49% 50.23%
For each right:
Hits@  1: 0.00% 0.00% 0.00% 0.06% 0.33% 0.90% 1.61% 2.39% 2.90%
Hits@ 10: 0.01% 0.15% 1.90% 5.71% 9.11% 11.79% 13.82% 15.30% 16.62%
Hits@ 50: 0.09% 4.73% 14.63% 21.81% 26.99% 30.67% 33.20% 35.15% 36.80%
Hits@100: 0.68% 12.05% 24.50% 32.71% 38.23% 41.94% 44.69% 46.46% 48.10%
x= -0.1
距离权重策略 ( -0.1 ,  -0.9 )
距离权重策略 ( -0.1 ,  -0.8 )
距离权重策略 ( -0.1 ,  -0.7 )
距离权重策略 ( -0.1 ,  -0.6 )
距离权重策略 ( -0.1 ,  -0.5 )
距离权重策略 ( -0.1 ,  -0.4 )
距离权重策略 ( -0.1 ,  -0.3 )
距离权重策略 ( -0.1 ,  -0.2 )
距离权重策略 ( -0.1 ,  -0.1 )
           -0.90   -0.80   -0.70   -0.60   -0.50   -0.40   -0.30   -0.20   -0.10
For each left:
Hits@  1: 0.01% 0.01% 0.01% 0.01% 0.00% 0.00% 0.00% 0.00% 0.00%
Hits@ 10: 0.06% 0.06% 0.06% 0.06% 0.06% 0.04% 0.04% 0.02% 0.00%
Hits@ 50: 0.11% 0.11% 0.11% 0.10% 0.10% 0.10% 0.10% 0.07% 0.02%
Hits@100: 0.16% 0.16% 0.16% 0.15% 0.15% 0.14% 0.13% 0.10% 0.05%
For each right:
Hits@  1: 0.01% 0.01% 0.01% 0.01% 0.01% 0.01% 0.01% 0.00% 0.00%
Hits@ 10: 0.04% 0.04% 0.04% 0.04% 0.04% 0.03% 0.02% 0.01% 0.00%
Hits@ 50: 0.11% 0.11% 0.11% 0.11% 0.11% 0.10% 0.09% 0.06% 0.01%
Hits@100: 0.18% 0.17% 0.17% 0.15% 0.15% 0.15% 0.12% 0.10% 0.03%
距离权重策略 ( -0.1 ,  0.1 )
距离权重策略 ( -0.1 ,  0.2 )
距离权重策略 ( -0.1 ,  0.3 )
距离权重策略 ( -0.1 ,  0.4 )
距离权重策略 ( -0.1 ,  0.5 )
距离权重策略 ( -0.1 ,  0.6 )
距离权重策略 ( -0.1 ,  0.7 )
距离权重策略 ( -0.1 ,  0.8 )
距离权重策略 ( -0.1 ,  0.9 )
           0.10   0.20   0.30   0.40   0.50   0.60   0.70   0.80   0.90
For each left:
Hits@  1: 0.00% 0.04% 1.17% 3.46% 4.85% 5.58% 5.96% 6.36% 6.55%
Hits@ 10: 0.09% 5.25% 12.34% 16.57% 19.11% 20.47% 21.62% 22.42% 22.89%
Hits@ 50: 3.42% 22.03% 31.57% 36.89% 39.77% 41.72% 43.10% 44.15% 44.84%
Hits@100: 10.08% 33.42% 43.41% 48.49% 51.43% 53.10% 54.30% 54.99% 55.84%
For each right:
Hits@  1: 0.00% 0.06% 0.90% 2.39% 3.49% 4.51% 5.19% 5.49% 5.71%
Hits@ 10: 0.15% 5.71% 11.79% 15.30% 17.56% 19.03% 20.05% 20.82% 21.41%
Hits@ 50: 4.73% 21.81% 30.67% 35.15% 37.95% 39.70% 40.93% 41.77% 42.50%
Hits@100: 12.05% 32.71% 41.94% 46.46% 49.27% 50.94% 51.92% 52.73% 53.46%
x= 0.0
距离权重策略 ( 0.0 ,  -0.9 )
距离权重策略 ( 0.0 ,  -0.8 )
距离权重策略 ( 0.0 ,  -0.7 )
距离权重策略 ( 0.0 ,  -0.6 )
距离权重策略 ( 0.0 ,  -0.5 )
距离权重策略 ( 0.0 ,  -0.4 )
距离权重策略 ( 0.0 ,  -0.3 )
距离权重策略 ( 0.0 ,  -0.2 )
距离权重策略 ( 0.0 ,  -0.1 )
           -0.90   -0.80   -0.70   -0.60   -0.50   -0.40   -0.30   -0.20   -0.10
For each left:
Hits@  1: 0.01% 0.01% 0.01% 0.01% 0.01% 0.01% 0.01% 0.01% 0.01%
Hits@ 10: 0.06% 0.06% 0.06% 0.06% 0.06% 0.06% 0.06% 0.06% 0.06%
Hits@ 50: 0.12% 0.12% 0.12% 0.12% 0.12% 0.12% 0.12% 0.12% 0.12%
Hits@100: 0.20% 0.20% 0.20% 0.20% 0.20% 0.20% 0.20% 0.20% 0.20%
For each right:
Hits@  1: 0.01% 0.01% 0.01% 0.01% 0.01% 0.01% 0.01% 0.01% 0.01%
Hits@ 10: 0.07% 0.07% 0.07% 0.07% 0.07% 0.07% 0.07% 0.07% 0.07%
Hits@ 50: 0.13% 0.13% 0.13% 0.13% 0.13% 0.13% 0.13% 0.13% 0.13%
Hits@100: 0.21% 0.21% 0.21% 0.21% 0.21% 0.21% 0.21% 0.21% 0.21%
距离权重策略 ( 0.0 ,  0.1 )
距离权重策略 ( 0.0 ,  0.2 )
距离权重策略 ( 0.0 ,  0.3 )
距离权重策略 ( 0.0 ,  0.4 )
距离权重策略 ( 0.0 ,  0.5 )
距离权重策略 ( 0.0 ,  0.6 )
距离权重策略 ( 0.0 ,  0.7 )
距离权重策略 ( 0.0 ,  0.8 )
距离权重策略 ( 0.0 ,  0.9 )
           0.10   0.20   0.30   0.40   0.50   0.60   0.70   0.80   0.90
For each left:
Hits@  1: 8.37% 8.37% 8.37% 8.37% 8.37% 8.37% 8.37% 8.37% 8.37%
Hits@ 10: 27.33% 27.33% 27.33% 27.33% 27.33% 27.33% 27.33% 27.33% 27.33%
Hits@ 50: 49.88% 49.88% 49.88% 49.88% 49.88% 49.88% 49.88% 49.88% 49.88%
Hits@100: 61.24% 61.24% 61.24% 61.24% 61.24% 61.24% 61.24% 61.24% 61.24%
For each right:
Hits@  1: 7.85% 7.85% 7.85% 7.85% 7.85% 7.85% 7.85% 7.85% 7.85%
Hits@ 10: 26.18% 26.18% 26.18% 26.18% 26.18% 26.18% 26.18% 26.18% 26.18%
Hits@ 50: 47.53% 47.53% 47.53% 47.53% 47.53% 47.53% 47.53% 47.53% 47.53%
Hits@100: 58.29% 58.29% 58.29% 58.29% 58.29% 58.29% 58.29% 58.29% 58.29%
x= 0.1
距离权重策略 ( 0.1 ,  -0.9 )
距离权重策略 ( 0.1 ,  -0.8 )
距离权重策略 ( 0.1 ,  -0.7 )
距离权重策略 ( 0.1 ,  -0.6 )
距离权重策略 ( 0.1 ,  -0.5 )
距离权重策略 ( 0.1 ,  -0.4 )
距离权重策略 ( 0.1 ,  -0.3 )
距离权重策略 ( 0.1 ,  -0.2 )
距离权重策略 ( 0.1 ,  -0.1 )
           -0.90   -0.80   -0.70   -0.60   -0.50   -0.40   -0.30   -0.20   -0.10
For each left:
Hits@  1: 0.01% 0.01% 0.01% 0.01% 0.01% 0.02% 0.04% 0.05% 0.10%
Hits@ 10: 0.07% 0.07% 0.07% 0.07% 0.08% 0.08% 0.09% 0.10% 0.26%
Hits@ 50: 0.15% 0.16% 0.17% 0.17% 0.18% 0.18% 0.19% 0.27% 0.58%
Hits@100: 0.22% 0.23% 0.23% 0.25% 0.27% 0.27% 0.29% 0.38% 0.83%
For each right:
Hits@  1: 0.01% 0.01% 0.01% 0.01% 0.01% 0.01% 0.01% 0.03% 0.11%
Hits@ 10: 0.09% 0.09% 0.09% 0.09% 0.09% 0.09% 0.10% 0.12% 0.34%
Hits@ 50: 0.16% 0.17% 0.18% 0.18% 0.18% 0.19% 0.24% 0.32% 0.72%
Hits@100: 0.26% 0.27% 0.28% 0.28% 0.29% 0.30% 0.36% 0.45% 0.95%
距离权重策略 ( 0.1 ,  0.1 )
距离权重策略 ( 0.1 ,  0.2 )
距离权重策略 ( 0.1 ,  0.3 )
距离权重策略 ( 0.1 ,  0.4 )
距离权重策略 ( 0.1 ,  0.5 )
距离权重策略 ( 0.1 ,  0.6 )
距离权重策略 ( 0.1 ,  0.7 )
距离权重策略 ( 0.1 ,  0.8 )
距离权重策略 ( 0.1 ,  0.9 )
           0.10   0.20   0.30   0.40   0.50   0.60   0.70   0.80   0.90
For each left:
Hits@  1: 31.19% 18.90% 15.18% 13.30% 12.25% 11.52% 11.11% 10.71% 10.36%
Hits@ 10: 60.35% 46.15% 39.94% 36.82% 34.77% 33.55% 32.64% 32.06% 31.61%
Hits@ 50: 78.79% 68.09% 63.01% 60.10% 58.47% 57.16% 56.19% 55.44% 54.84%
Hits@100: 84.61% 76.73% 72.51% 70.00% 68.58% 67.45% 66.56% 66.00% 65.48%
For each right:
Hits@  1: 29.44% 17.59% 13.99% 12.23% 11.36% 10.70% 10.30% 9.88% 9.60%
Hits@ 10: 58.00% 43.32% 38.19% 35.29% 33.41% 32.12% 31.21% 30.56% 30.23%
Hits@ 50: 76.52% 65.52% 60.41% 57.47% 55.50% 54.22% 53.42% 52.73% 52.29%
Hits@100: 83.00% 74.57% 70.12% 67.58% 65.97% 64.93% 64.10% 63.49% 62.90%
x= 0.2
距离权重策略 ( 0.2 ,  -0.9 )
距离权重策略 ( 0.2 ,  -0.8 )
距离权重策略 ( 0.2 ,  -0.7 )
距离权重策略 ( 0.2 ,  -0.6 )
距离权重策略 ( 0.2 ,  -0.5 )
距离权重策略 ( 0.2 ,  -0.4 )
距离权重策略 ( 0.2 ,  -0.3 )
距离权重策略 ( 0.2 ,  -0.2 )
距离权重策略 ( 0.2 ,  -0.1 )
           -0.90   -0.80   -0.70   -0.60   -0.50   -0.40   -0.30   -0.20   -0.10
For each left:
Hits@  1: 0.01% 0.02% 0.04% 0.04% 0.04% 0.05% 0.06% 0.10% 0.38%
Hits@ 10: 0.08% 0.08% 0.08% 0.09% 0.09% 0.10% 0.16% 0.26% 1.15%
Hits@ 50: 0.18% 0.18% 0.19% 0.19% 0.22% 0.27% 0.32% 0.58% 1.96%
Hits@100: 0.27% 0.27% 0.27% 0.29% 0.33% 0.38% 0.50% 0.83% 2.59%
For each right:
Hits@  1: 0.01% 0.01% 0.01% 0.01% 0.02% 0.03% 0.04% 0.11% 0.50%
Hits@ 10: 0.09% 0.09% 0.10% 0.10% 0.10% 0.12% 0.18% 0.34% 1.39%
Hits@ 50: 0.18% 0.19% 0.22% 0.24% 0.28% 0.32% 0.44% 0.72% 2.44%
Hits@100: 0.30% 0.30% 0.34% 0.36% 0.42% 0.45% 0.57% 0.95% 3.02%
距离权重策略 ( 0.2 ,  0.1 )
距离权重策略 ( 0.2 ,  0.2 )
距离权重策略 ( 0.2 ,  0.3 )
距离权重策略 ( 0.2 ,  0.4 )
距离权重策略 ( 0.2 ,  0.5 )
距离权重策略 ( 0.2 ,  0.6 )
距离权重策略 ( 0.2 ,  0.7 )
距离权重策略 ( 0.2 ,  0.8 )
距离权重策略 ( 0.2 ,  0.9 )
           0.10   0.20   0.30   0.40   0.50   0.60   0.70   0.80   0.90
For each left:
Hits@  1: 51.32% 31.19% 23.09% 18.90% 16.51% 15.18% 14.10% 13.30% 12.72%
Hits@ 10: 76.50% 60.35% 51.31% 46.15% 42.49% 39.94% 38.21% 36.82% 35.77%
Hits@ 50: 87.99% 78.79% 72.33% 68.09% 65.16% 63.01% 61.58% 60.10% 59.23%
Hits@100: 91.58% 84.61% 79.79% 76.73% 74.28% 72.51% 71.12% 70.00% 69.17%
For each right:
Hits@  1: 48.54% 29.44% 21.71% 17.59% 15.39% 13.99% 12.96% 12.23% 11.78%
Hits@ 10: 74.17% 58.00% 48.84% 43.32% 40.34% 38.19% 36.56% 35.29% 34.25%
Hits@ 50: 86.81% 76.52% 69.84% 65.52% 62.46% 60.41% 58.59% 57.47% 56.35%
Hits@100: 90.86% 83.00% 77.80% 74.57% 72.15% 70.12% 68.76% 67.58% 66.63%
x= 0.3
距离权重策略 ( 0.3 ,  -0.9 )
距离权重策略 ( 0.3 ,  -0.8 )
距离权重策略 ( 0.3 ,  -0.7 )
距离权重策略 ( 0.3 ,  -0.6 )
距离权重策略 ( 0.3 ,  -0.5 )
距离权重策略 ( 0.3 ,  -0.4 )
距离权重策略 ( 0.3 ,  -0.3 )
距离权重策略 ( 0.3 ,  -0.2 )
距离权重策略 ( 0.3 ,  -0.1 )
           -0.90   -0.80   -0.70   -0.60   -0.50   -0.40   -0.30   -0.20   -0.10
For each left:
Hits@  1: 0.04% 0.04% 0.04% 0.05% 0.06% 0.06% 0.10% 0.20% 1.29%
Hits@ 10: 0.09% 0.09% 0.10% 0.10% 0.14% 0.19% 0.26% 0.56% 3.15%
Hits@ 50: 0.19% 0.22% 0.24% 0.27% 0.30% 0.40% 0.58% 1.09% 5.37%
Hits@100: 0.29% 0.31% 0.34% 0.38% 0.45% 0.57% 0.83% 1.51% 6.95%
For each right:
Hits@  1: 0.01% 0.01% 0.02% 0.03% 0.04% 0.06% 0.11% 0.24% 1.77%
Hits@ 10: 0.10% 0.10% 0.10% 0.12% 0.14% 0.22% 0.34% 0.72% 3.86%
Hits@ 50: 0.24% 0.26% 0.30% 0.32% 0.40% 0.48% 0.72% 1.29% 6.34%
Hits@100: 0.36% 0.40% 0.43% 0.45% 0.54% 0.68% 0.95% 1.78% 8.13%
距离权重策略 ( 0.3 ,  0.1 )
距离权重策略 ( 0.3 ,  0.2 )
距离权重策略 ( 0.3 ,  0.3 )
距离权重策略 ( 0.3 ,  0.4 )
距离权重策略 ( 0.3 ,  0.5 )
距离权重策略 ( 0.3 ,  0.6 )
距离权重策略 ( 0.3 ,  0.7 )
距离权重策略 ( 0.3 ,  0.8 )
距离权重策略 ( 0.3 ,  0.9 )
           0.10   0.20   0.30   0.40   0.50   0.60   0.70   0.80   0.90
For each left:
Hits@  1: 62.75% 42.65% 31.19% 24.96% 21.37% 18.90% 17.12% 16.04% 15.18%
Hits@ 10: 83.05% 70.55% 60.35% 53.72% 49.20% 46.15% 43.50% 41.46% 39.94%
Hits@ 50: 91.44% 84.94% 78.79% 74.28% 70.77% 68.09% 65.90% 64.30% 63.01%
Hits@100: 93.99% 89.21% 84.61% 81.19% 78.69% 76.73% 75.10% 73.72% 72.51%
For each right:
Hits@  1: 59.58% 39.63% 29.44% 23.68% 20.19% 17.59% 15.88% 14.87% 13.99%
Hits@ 10: 80.81% 67.93% 58.00% 51.23% 46.70% 43.32% 41.22% 39.62% 38.19%
Hits@ 50: 91.09% 82.69% 76.52% 71.65% 68.20% 65.52% 63.33% 61.70% 60.41%
Hits@100: 93.86% 87.85% 83.00% 79.32% 76.48% 74.57% 72.80% 71.48% 70.12%
x= 0.4
距离权重策略 ( 0.4 ,  -0.9 )
距离权重策略 ( 0.4 ,  -0.8 )
距离权重策略 ( 0.4 ,  -0.7 )
距离权重策略 ( 0.4 ,  -0.6 )
距离权重策略 ( 0.4 ,  -0.5 )
距离权重策略 ( 0.4 ,  -0.4 )
距离权重策略 ( 0.4 ,  -0.3 )
距离权重策略 ( 0.4 ,  -0.2 )
距离权重策略 ( 0.4 ,  -0.1 )
           -0.90   -0.80   -0.70   -0.60   -0.50   -0.40   -0.30   -0.20   -0.10
For each left:
Hits@  1: 0.04% 0.05% 0.06% 0.06% 0.08% 0.10% 0.17% 0.38% 2.98%
Hits@ 10: 0.10% 0.10% 0.13% 0.16% 0.19% 0.26% 0.45% 1.15% 7.28%
Hits@ 50: 0.25% 0.27% 0.30% 0.32% 0.45% 0.58% 0.89% 1.96% 13.24%
Hits@100: 0.35% 0.38% 0.45% 0.50% 0.64% 0.83% 1.19% 2.59% 17.35%
For each right:
Hits@  1: 0.02% 0.03% 0.04% 0.04% 0.06% 0.11% 0.17% 0.50% 3.90%
Hits@ 10: 0.10% 0.12% 0.13% 0.18% 0.24% 0.34% 0.55% 1.39% 9.10%
Hits@ 50: 0.30% 0.32% 0.37% 0.44% 0.51% 0.72% 1.09% 2.44% 15.86%
Hits@100: 0.44% 0.45% 0.52% 0.57% 0.78% 0.95% 1.43% 3.02% 20.43%
距离权重策略 ( 0.4 ,  0.1 )
距离权重策略 ( 0.4 ,  0.2 )
距离权重策略 ( 0.4 ,  0.3 )
距离权重策略 ( 0.4 ,  0.4 )
距离权重策略 ( 0.4 ,  0.5 )
距离权重策略 ( 0.4 ,  0.6 )
距离权重策略 ( 0.4 ,  0.7 )
距离权重策略 ( 0.4 ,  0.8 )
距离权重策略 ( 0.4 ,  0.9 )
           0.10   0.20   0.30   0.40   0.50   0.60   0.70   0.80   0.90
For each left:
Hits@  1: 68.31% 51.32% 39.11% 31.19% 26.30% 23.09% 20.75% 18.90% 17.50%
Hits@ 10: 85.84% 76.50% 67.69% 60.35% 55.35% 51.31% 48.33% 46.15% 44.21%
Hits@ 50: 93.20% 87.99% 83.11% 78.79% 75.26% 72.33% 70.12% 68.09% 66.31%
Hits@100: 95.16% 91.58% 88.10% 84.61% 81.97% 79.79% 78.04% 76.73% 75.56%
For each right:
Hits@  1: 65.61% 48.54% 36.49% 29.44% 24.78% 21.71% 19.50% 17.59% 16.23%
Hits@ 10: 84.60% 74.17% 65.11% 58.00% 52.66% 48.84% 45.84% 43.32% 41.77%
Hits@ 50: 92.85% 86.81% 81.13% 76.52% 72.63% 69.84% 67.45% 65.52% 63.83%
Hits@100: 95.12% 90.86% 86.44% 83.00% 80.12% 77.80% 75.90% 74.57% 73.15%
x= 0.5
距离权重策略 ( 0.5 ,  -0.9 )
距离权重策略 ( 0.5 ,  -0.8 )
距离权重策略 ( 0.5 ,  -0.7 )
距离权重策略 ( 0.5 ,  -0.6 )
距离权重策略 ( 0.5 ,  -0.5 )
距离权重策略 ( 0.5 ,  -0.4 )
距离权重策略 ( 0.5 ,  -0.3 )
距离权重策略 ( 0.5 ,  -0.2 )
距离权重策略 ( 0.5 ,  -0.1 )
^[[C           -0.90   -0.80   -0.70   -0.60   -0.50   -0.40   -0.30   -0.20   -0.10
For each left:
Hits@  1: 0.05% 0.06% 0.06% 0.08% 0.10% 0.15% 0.26% 0.76% 6.50%
Hits@ 10: 0.13% 0.14% 0.17% 0.20% 0.26% 0.39% 0.70% 1.88% 15.99%
Hits@ 50: 0.30% 0.32% 0.38% 0.47% 0.58% 0.83% 1.33% 3.47% 27.73%
Hits@100: 0.43% 0.47% 0.51% 0.68% 0.83% 1.07% 1.81% 4.44% 34.17%
For each right:
Hits@  1: 0.04% 0.04% 0.05% 0.07% 0.11% 0.16% 0.35% 1.05% 8.50%
Hits@ 10: 0.13% 0.15% 0.21% 0.25% 0.34% 0.50% 1.01% 2.36% 19.38%
Hits@ 50: 0.34% 0.41% 0.47% 0.54% 0.72% 0.99% 1.67% 4.07% 30.76%
Hits@100: 0.50% 0.54% 0.60% 0.82% 0.95% 1.25% 2.21% 5.12% 36.41%
距离权重策略 ( 0.5 ,  0.1 )
距离权重策略 ( 0.5 ,  0.2 )
距离权重策略 ( 0.5 ,  0.3 )
距离权重策略 ( 0.5 ,  0.4 )
距离权重策略 ( 0.5 ,  0.5 )
距离权重策略 ( 0.5 ,  0.6 )
距离权重策略 ( 0.5 ,  0.7 )
距离权重策略 ( 0.5 ,  0.8 )
距离权重策略 ( 0.5 ,  0.9 )
           0.10   0.20   0.30   0.40   0.50   0.60   0.70   0.80   0.90
For each left:
Hits@  1: 71.10% 57.70% 46.07% 37.20% 31.19% 27.12% 24.16% 21.99% 20.38%
Hits@ 10: 87.39% 80.77% 72.91% 65.98% 60.35% 56.28% 52.65% 49.98% 47.83%
Hits@ 50: 94.11% 90.04% 86.12% 81.92% 78.79% 75.90% 73.39% 71.43% 69.66%
Hits@100: 95.73% 92.83% 90.13% 87.39% 84.61% 82.38% 80.60% 79.15% 77.74%
For each right:
Hits@  1: 68.53% 54.76% 42.97% 34.91% 29.44% 25.56% 22.72% 20.83% 19.10%
Hits@ 10: 86.31% 78.15% 70.39% 63.38% 58.00% 53.55% 50.11% 47.56% 45.30%
Hits@ 50: 93.76% 89.24% 84.23% 79.97% 76.52% 73.33% 70.85% 68.84% 67.00%
Hits@100: 95.69% 92.68% 88.98% 85.59% 83.00% 80.69% 78.72% 77.03% 75.60%
x= 0.6
距离权重策略 ( 0.6 ,  -0.9 )
距离权重策略 ( 0.6 ,  -0.8 )
距离权重策略 ( 0.6 ,  -0.7 )
距离权重策略 ( 0.6 ,  -0.6 )
距离权重策略 ( 0.6 ,  -0.5 )
距离权重策略 ( 0.6 ,  -0.4 )
距离权重策略 ( 0.6 ,  -0.3 )
距离权重策略 ( 0.6 ,  -0.2 )
距离权重策略 ( 0.6 ,  -0.1 )
^[           -0.90   -0.80   -0.70   -0.60   -0.50   -0.40   -0.30   -0.20   -0.10
For each left:
Hits@  1: 0.06% 0.06% 0.09% 0.10% 0.13% 0.20% 0.38% 1.29% 13.02%
Hits@ 10: 0.16% 0.19% 0.21% 0.26% 0.38% 0.56% 1.15% 3.15% 29.12%
Hits@ 50: 0.32% 0.40% 0.47% 0.58% 0.80% 1.09% 1.96% 5.37% 42.86%
Hits@100: 0.50% 0.57% 0.70% 0.83% 0.99% 1.51% 2.59% 6.95% 49.35%
For each right:
Hits@  1: 0.04% 0.06% 0.08% 0.11% 0.15% 0.24% 0.50% 1.77% 16.51%
Hits@ 10: 0.18% 0.22% 0.26% 0.34% 0.44% 0.72% 1.39% 3.86% 32.48%
Hits@ 50: 0.44% 0.48% 0.54% 0.72% 0.93% 1.29% 2.44% 6.34% 44.72%
Hits@100: 0.57% 0.68% 0.83% 0.95% 1.15% 1.78% 3.02% 8.13% 50.50%
距离权重策略 ( 0.6 ,  0.1 )
距离权重策略 ( 0.6 ,  0.2 )
距离权重策略 ( 0.6 ,  0.3 )
距离权重策略 ( 0.6 ,  0.4 )
距离权重策略 ( 0.6 ,  0.5 )
距离权重策略 ( 0.6 ,  0.6 )
距离权重策略 ( 0.6 ,  0.7 )
距离权重策略 ( 0.6 ,  0.8 )
距离权重策略 ( 0.6 ,  0.9 )
           0.10   0.20   0.30   0.40   0.50   0.60   0.70   0.80   0.90
For each left:
Hits@  1: 72.75% 62.75% 51.32% 42.65% 35.98% 31.19% 27.87% 24.96% 23.09%
Hits@ 10: 88.30% 83.05% 76.50% 70.55% 65.11% 60.35% 56.85% 53.72% 51.31%
Hits@ 50: 94.48% 91.44% 87.99% 84.94% 81.38% 78.79% 76.37% 74.28% 72.33%
Hits@100: 96.09% 93.99% 91.58% 89.21% 86.84% 84.61% 82.73% 81.19% 79.79%
For each right:
Hits@  1: 70.18% 59.58% 48.54% 39.63% 33.84% 29.44% 26.10% 23.68% 21.71%
Hits@ 10: 87.32% 80.81% 74.17% 67.93% 62.40% 58.00% 54.36% 51.23% 48.84%
Hits@ 50: 94.22% 91.09% 86.81% 82.69% 79.32% 76.52% 73.90% 71.65% 69.84%
Hits@100: 95.84% 93.86% 90.86% 87.85% 85.07% 83.00% 81.00% 79.32% 77.80%
x= 0.7
距离权重策略 ( 0.7 ,  -0.9 )
距离权重策略 ( 0.7 ,  -0.8 )
距离权重策略 ( 0.7 ,  -0.7 )
距离权重策略 ( 0.7 ,  -0.6 )
距离权重策略 ( 0.7 ,  -0.5 )
距离权重策略 ( 0.7 ,  -0.4 )
距离权重策略 ( 0.7 ,  -0.3 )
距离权重策略 ( 0.7 ,  -0.2 )
距离权重策略 ( 0.7 ,  -0.1 )
           -0.90   -0.80   -0.70   -0.60   -0.50   -0.40   -0.30   -0.20   -0.10
For each left:
Hits@  1: 0.07% 0.09% 0.10% 0.13% 0.18% 0.27% 0.59% 2.01% 22.34%
Hits@ 10: 0.19% 0.22% 0.26% 0.35% 0.53% 0.83% 1.56% 4.70% 41.70%
Hits@ 50: 0.44% 0.48% 0.58% 0.76% 0.92% 1.47% 2.83% 8.55% 54.57%
Hits@100: 0.60% 0.72% 0.83% 0.97% 1.30% 1.95% 3.83% 11.24% 59.82%
For each right:
Hits@  1: 0.06% 0.08% 0.11% 0.14% 0.21% 0.41% 0.82% 2.60% 25.83%
Hits@ 10: 0.23% 0.27% 0.34% 0.42% 0.60% 1.09% 2.06% 5.73% 43.62%
Hits@ 50: 0.49% 0.54% 0.72% 0.90% 1.16% 1.86% 3.38% 10.14% 55.07%
Hits@100: 0.75% 0.85% 0.95% 1.12% 1.59% 2.41% 4.32% 13.16% 59.93%
距离权重策略 ( 0.7 ,  0.1 )
距离权重策略 ( 0.7 ,  0.2 )
距离权重策略 ( 0.7 ,  0.3 )
距离权重策略 ( 0.7 ,  0.4 )
距离权重策略 ( 0.7 ,  0.5 )
距离权重策略 ( 0.7 ,  0.6 )
距离权重策略 ( 0.7 ,  0.7 )
距离权重策略 ( 0.7 ,  0.8 )
距离权重策略 ( 0.7 ,  0.9 )
           0.10   0.20   0.30   0.40   0.50   0.60   0.70   0.80   0.90
For each left:
Hits@  1: 73.76% 66.12% 56.04% 47.50% 40.60% 35.11% 31.19% 28.29% 25.63%
Hits@ 10: 88.82% 84.72% 79.63% 73.95% 68.85% 64.38% 60.35% 57.32% 54.62%
Hits@ 50: 94.60% 92.38% 89.49% 86.72% 83.87% 80.98% 78.79% 76.70% 74.83%
Hits@100: 96.32% 94.76% 92.52% 90.55% 88.53% 86.56% 84.61% 83.02% 81.62%
For each right:
Hits@  1: 71.30% 63.00% 52.99% 44.53% 37.86% 33.15% 29.44% 26.51% 24.34%
Hits@ 10: 87.96% 83.04% 77.19% 71.50% 66.37% 61.61% 58.00% 54.77% 52.02%
Hits@ 50: 94.38% 92.15% 88.48% 84.90% 81.78% 78.98% 76.52% 74.29% 72.23%
Hits@100: 95.92% 94.69% 92.23% 89.52% 87.02% 84.79% 83.00% 81.34% 79.77%
x= 0.8
距离权重策略 ( 0.8 ,  -0.9 )
距离权重策略 ( 0.8 ,  -0.8 )
距离权重策略 ( 0.8 ,  -0.7 )
距离权重策略 ( 0.8 ,  -0.6 )
距离权重策略 ( 0.8 ,  -0.5 )
距离权重策略 ( 0.8 ,  -0.4 )
距离权重策略 ( 0.8 ,  -0.3 )
距离权重策略 ( 0.8 ,  -0.2 )
距离权重策略 ( 0.8 ,  -0.1 )
           -0.90   -0.80   -0.70   -0.60   -0.50   -0.40   -0.30   -0.20   -0.10
For each left:
Hits@  1: 0.09% 0.10% 0.12% 0.17% 0.22% 0.38% 0.93% 2.98% 32.05%
Hits@ 10: 0.22% 0.26% 0.35% 0.45% 0.63% 1.15% 2.22% 7.28% 51.14%
Hits@ 50: 0.49% 0.58% 0.74% 0.89% 1.24% 1.96% 4.05% 13.24% 61.94%
Hits@100: 0.76% 0.83% 0.94% 1.19% 1.69% 2.59% 5.07% 17.35% 66.42%
For each right:
Hits@  1: 0.08% 0.11% 0.14% 0.17% 0.33% 0.50% 1.26% 3.90% 34.57%
Hits@ 10: 0.28% 0.34% 0.41% 0.55% 0.90% 1.39% 2.79% 9.10% 51.91%
Hits@ 50: 0.54% 0.72% 0.88% 1.09% 1.50% 2.44% 4.76% 15.86% 61.99%
Hits@100: 0.85% 0.95% 1.10% 1.43% 2.03% 3.02% 5.97% 20.43% 66.38%
距离权重策略 ( 0.8 ,  0.1 )
距离权重策略 ( 0.8 ,  0.2 )
距离权重策略 ( 0.8 ,  0.3 )
距离权重策略 ( 0.8 ,  0.4 )
距离权重策略 ( 0.8 ,  0.5 )
距离权重策略 ( 0.8 ,  0.6 )
距离权重策略 ( 0.8 ,  0.7 )
距离权重策略 ( 0.8 ,  0.8 )
距离权重策略 ( 0.8 ,  0.9 )
           0.10   0.20   0.30   0.40   0.50   0.60   0.70   0.80   0.90
For each left:
Hits@  1: 74.60% 68.31% 59.69% 51.32% 44.70% 39.11% 34.55% 31.19% 28.56%
Hits@ 10: 89.17% 85.84% 81.71% 76.50% 72.06% 67.69% 63.81% 60.35% 57.75%
Hits@ 50: 94.78% 93.20% 90.52% 87.99% 85.67% 83.11% 80.74% 78.79% 76.94%
Hits@100: 96.34% 95.16% 93.26% 91.58% 89.83% 88.10% 86.26% 84.61% 83.28%
For each right:
Hits@  1: 72.06% 65.61% 56.63% 48.54% 41.61% 36.49% 32.48% 29.44% 26.90%
Hits@ 10: 88.16% 84.60% 79.10% 74.17% 69.51% 65.11% 61.14% 58.00% 55.10%
Hits@ 50: 94.46% 92.85% 89.89% 86.81% 83.57% 81.13% 78.67% 76.52% 74.57%
Hits@100: 95.98% 95.12% 93.07% 90.86% 88.47% 86.44% 84.57% 83.00% 81.54%
x= 0.9
距离权重策略 ( 0.9 ,  -0.9 )
距离权重策略 ( 0.9 ,  -0.8 )
距离权重策略 ( 0.9 ,  -0.7 )
距离权重策略 ( 0.9 ,  -0.6 )
距离权重策略 ( 0.9 ,  -0.5 )
距离权重策略 ( 0.9 ,  -0.4 )
距离权重策略 ( 0.9 ,  -0.3 )
距离权重策略 ( 0.9 ,  -0.2 )
距离权重策略 ( 0.9 ,  -0.1 )
           -0.90   -0.80   -0.70   -0.60   -0.50   -0.40   -0.30   -0.20   -0.10
For each left:
Hits@  1: 0.10% 0.12% 0.17% 0.20% 0.28% 0.56% 1.29% 4.38% 39.68%
Hits@ 10: 0.26% 0.33% 0.40% 0.56% 0.88% 1.47% 3.15% 10.81% 57.54%
Hits@ 50: 0.58% 0.72% 0.87% 1.09% 1.56% 2.55% 5.37% 19.84% 67.04%
Hits@100: 0.83% 0.92% 1.10% 1.51% 2.06% 3.47% 6.95% 25.49% 71.01%
For each right:
Hits@  1: 0.11% 0.13% 0.16% 0.24% 0.44% 0.72% 1.77% 5.84% 41.64%
Hits@ 10: 0.34% 0.38% 0.52% 0.72% 1.17% 1.92% 3.86% 13.70% 57.71%
Hits@ 50: 0.72% 0.86% 1.04% 1.29% 1.95% 3.11% 6.34% 23.03% 67.09%
Hits@100: 0.95% 1.09% 1.33% 1.78% 2.52% 3.97% 8.13% 28.35% 71.16%
距离权重策略 ( 0.9 ,  0.1 )
距离权重策略 ( 0.9 ,  0.2 )
距离权重策略 ( 0.9 ,  0.3 )
距离权重策略 ( 0.9 ,  0.4 )
距离权重策略 ( 0.9 ,  0.5 )
距离权重策略 ( 0.9 ,  0.6 )
距离权重策略 ( 0.9 ,  0.7 )
距离权重策略 ( 0.9 ,  0.8 )
距离权重策略 ( 0.9 ,  0.9 )
           0.10   0.20   0.30   0.40   0.50   0.60   0.70   0.80   0.90
For each left:
Hits@  1: 74.97% 69.79% 62.75% 54.92% 48.28% 42.65% 38.01% 34.08% 31.19%
Hits@ 10: 89.34% 86.79% 83.05% 78.91% 74.48% 70.55% 66.66% 63.38% 60.35%
Hits@ 50: 94.78% 93.77% 91.44% 89.19% 86.92% 84.94% 82.39% 80.57% 78.79%
Hits@100: 96.32% 95.47% 93.99% 92.29% 90.76% 89.21% 87.63% 86.05% 84.61%
For each right:
Hits@  1: 72.61% 67.11% 59.58% 52.01% 45.44% 39.63% 35.65% 32.06% 29.44%
Hits@ 10: 88.29% 85.64% 80.81% 76.44% 72.00% 67.93% 64.17% 60.87% 58.00%
Hits@ 50: 94.63% 93.43% 91.09% 88.15% 85.27% 82.69% 80.40% 78.42% 76.52%
Hits@100: 96.03% 95.57% 93.86% 91.90% 89.80% 87.85% 85.96% 84.42% 83.00%
x= 1.0
距离权重策略 ( 1.0 ,  -0.9 )
距离权重策略 ( 1.0 ,  -0.8 )
距离权重策略 ( 1.0 ,  -0.7 )
距离权重策略 ( 1.0 ,  -0.6 )
距离权重策略 ( 1.0 ,  -0.5 )
距离权重策略 ( 1.0 ,  -0.4 )
距离权重策略 ( 1.0 ,  -0.3 )
距离权重策略 ( 1.0 ,  -0.2 )
距离权重策略 ( 1.0 ,  -0.1 )
           -0.90   -0.80   -0.70   -0.60   -0.50   -0.40   -0.30   -0.20   -0.10
For each left:
Hits@  1: 0.12% 0.15% 0.19% 0.26% 0.38% 0.76% 1.73% 6.50% 45.80%
Hits@ 10: 0.32% 0.39% 0.53% 0.70% 1.15% 1.88% 4.04% 15.99% 61.91%
Hits@ 50: 0.70% 0.83% 0.98% 1.33% 1.96% 3.47% 7.30% 27.73% 70.53%
Hits@100: 0.92% 1.07% 1.33% 1.81% 2.59% 4.44% 9.62% 34.17% 74.74%
For each right:
Hits@  1: 0.13% 0.16% 0.21% 0.35% 0.50% 1.05% 2.27% 8.50% 46.64%
Hits@ 10: 0.37% 0.50% 0.64% 1.01% 1.39% 2.36% 5.01% 19.38% 61.75%
Hits@ 50: 0.82% 0.99% 1.23% 1.67% 2.44% 4.07% 8.81% 30.76% 70.90%
Hits@100: 1.07% 1.25% 1.66% 2.21% 3.02% 5.12% 11.27% 36.41% 74.81%
距离权重策略 ( 1.0 ,  0.1 )
距离权重策略 ( 1.0 ,  0.2 )
距离权重策略 ( 1.0 ,  0.3 )
距离权重策略 ( 1.0 ,  0.4 )
距离权重策略 ( 1.0 ,  0.5 )
距离权重策略 ( 1.0 ,  0.6 )
距离权重策略 ( 1.0 ,  0.7 )
距离权重策略 ( 1.0 ,  0.8 )
距离权重策略 ( 1.0 ,  0.9 )
           0.10   0.20   0.30   0.40   0.50   0.60   0.70   0.80   0.90
For each left:
Hits@  1: 75.26% 71.10% 65.18% 57.70% 51.32% 46.07% 41.10% 37.20% 33.80%
Hits@ 10: 89.30% 87.39% 84.30% 80.77% 76.50% 72.91% 69.39% 65.98% 63.11%
Hits@ 50: 94.69% 94.11% 92.12% 90.04% 87.99% 86.12% 84.22% 81.92% 80.41%
Hits@100: 96.23% 95.73% 94.44% 92.83% 91.58% 90.13% 88.74% 87.39% 85.95%
For each right:
Hits@  1: 72.86% 68.53% 62.05% 54.76% 48.54% 42.97% 38.36% 34.91% 31.74%
Hits@ 10: 88.26% 86.31% 82.26% 78.15% 74.17% 70.39% 66.81% 63.38% 60.60%
Hits@ 50: 94.51% 93.76% 91.81% 89.24% 86.81% 84.23% 82.04% 79.97% 78.26%
Hits@100: 96.01% 95.69% 94.41% 92.68% 90.86% 88.98% 87.23% 85.59% 84.29%
